<?xml version="1.0" encoding="UTF-8"?>
<testsuite name="com.amazon.ata.dynamodbquery.test.integration.Phase0Test" tests="4" skipped="0" failures="0" errors="0" timestamp="2022-02-18T23:07:04" hostname="Lambda-School-Byron-Mackays-MacBook-Pro.local" time="1.343">
  <properties/>
  <testcase name="[1] DynamoDBQuery-Events" classname="com.amazon.ata.dynamodbquery.test.integration.Phase0Test" time="0.672"/>
  <testcase name="[2] DynamoDBQuery-Invites" classname="com.amazon.ata.dynamodbquery.test.integration.Phase0Test" time="0.215"/>
  <testcase name="[3] DynamoDBQuery-Members" classname="com.amazon.ata.dynamodbquery.test.integration.Phase0Test" time="0.213"/>
  <testcase name="[4] DynamoDBQuery-EventAnnouncements" classname="com.amazon.ata.dynamodbquery.test.integration.Phase0Test" time="0.227"/>
  <system-out><![CDATA[]]></system-out>
  <system-err><![CDATA[]]></system-err>
</testsuite>
